<?xml version="1.0" encoding="UTF-8"?>
<!-- Generated by org.testng.reporters.JUnitReportReporter -->
<testsuite hostname="LAPTOP-KE6HL5GO" failures="0" tests="1" name="com.simplilearn.TestNGproject.FacebookloginTest" time="7.994" errors="0" timestamp="2022-03-29T13:58:21 IST" skipped="0">
  <testcase classname="com.simplilearn.TestNGproject.FacebookloginTest" name="Facebooklogin" time="7.994"/>
  <system-out/>
</testsuite> <!-- com.simplilearn.TestNGproject.FacebookloginTest -->
