<?xml version="1.0" encoding="UTF-8"?>
<!-- Generated by org.testng.reporters.JUnitReportReporter -->
<testsuite skipped="0" hostname="LAPTOP-KE6HL5GO" name="com.simplilearn.TestNGproject.FacebookloginTest" tests="1" failures="0" timestamp="2022-03-29T14:38:41 IST" time="17.460" errors="0">
  <testcase name="Facebooklogin" time="17.460" classname="com.simplilearn.TestNGproject.FacebookloginTest"/>
  <system-out/>
</testsuite> <!-- com.simplilearn.TestNGproject.FacebookloginTest -->
